mode: set
github.com/alehatsman/mooncake/internal/executor/context.go:100.53,102.33 2 1
github.com/alehatsman/mooncake/internal/executor/context.go:102.33,104.3 1 1
github.com/alehatsman/mooncake/internal/executor/context.go:106.2,131.3 1 1
github.com/alehatsman/mooncake/internal/executor/dryrun.go:16.55,18.2 1 1
github.com/alehatsman/mooncake/internal/executor/dryrun.go:21.73,23.14 2 1
github.com/alehatsman/mooncake/internal/executor/dryrun.go:23.14,25.3 1 1
github.com/alehatsman/mooncake/internal/executor/dryrun.go:29.79,30.15 1 1
github.com/alehatsman/mooncake/internal/executor/dryrun.go:31.19,32.84 1 1
github.com/alehatsman/mooncake/internal/executor/dryrun.go:33.14,34.79 1 1
github.com/alehatsman/mooncake/internal/executor/dryrun.go:35.10,36.84 1 1
github.com/alehatsman/mooncake/internal/executor/dryrun.go:41.78,43.2 1 1
github.com/alehatsman/mooncake/internal/executor/dryrun.go:46.66,48.2 1 1
github.com/alehatsman/mooncake/internal/executor/dryrun.go:51.50,53.2 1 1
github.com/alehatsman/mooncake/internal/executor/dryrun.go:56.63,58.2 1 1
github.com/alehatsman/mooncake/internal/executor/dryrun.go:61.54,62.25 1 1
github.com/alehatsman/mooncake/internal/executor/dryrun.go:62.25,64.3 1 1
github.com/alehatsman/mooncake/internal/executor/executor.go:21.83,23.25 2 1
github.com/alehatsman/mooncake/internal/executor/executor.go:23.25,25.3 1 1
github.com/alehatsman/mooncake/internal/executor/executor.go:26.2,26.29 1 1
github.com/alehatsman/mooncake/internal/executor/executor.go:26.29,28.3 1 1
github.com/alehatsman/mooncake/internal/executor/executor.go:29.2,29.15 1 1
github.com/alehatsman/mooncake/internal/executor/executor.go:34.77,37.25 3 1
github.com/alehatsman/mooncake/internal/executor/executor.go:37.25,39.3 1 1
github.com/alehatsman/mooncake/internal/executor/executor.go:44.89,46.21 1 1
github.com/alehatsman/mooncake/internal/executor/executor.go:46.21,48.36 2 1
github.com/alehatsman/mooncake/internal/executor/executor.go:48.36,50.4 1 1
github.com/alehatsman/mooncake/internal/executor/executor.go:52.3,57.5 1 1
github.com/alehatsman/mooncake/internal/executor/executor.go:61.2,67.29 5 1
github.com/alehatsman/mooncake/internal/executor/executor.go:67.29,73.17 5 1
github.com/alehatsman/mooncake/internal/executor/executor.go:73.17,75.4 1 0
github.com/alehatsman/mooncake/internal/executor/executor.go:78.2,78.12 1 1
github.com/alehatsman/mooncake/internal/executor/executor.go:81.59,86.40 2 1
github.com/alehatsman/mooncake/internal/executor/executor.go:86.40,88.3 1 1
github.com/alehatsman/mooncake/internal/executor/executor.go:91.63,96.26 3 1
github.com/alehatsman/mooncake/internal/executor/executor.go:96.26,98.3 1 1
github.com/alehatsman/mooncake/internal/executor/executor.go:100.2,100.15 1 1
github.com/alehatsman/mooncake/internal/executor/executor.go:100.15,104.3 2 1
github.com/alehatsman/mooncake/internal/executor/executor.go:106.2,107.12 2 1
github.com/alehatsman/mooncake/internal/executor/executor.go:110.81,116.16 4 1
github.com/alehatsman/mooncake/internal/executor/executor.go:116.16,118.3 1 1
github.com/alehatsman/mooncake/internal/executor/executor.go:120.2,123.16 3 1
github.com/alehatsman/mooncake/internal/executor/executor.go:123.16,125.3 1 1
github.com/alehatsman/mooncake/internal/executor/executor.go:127.2,130.23 2 1
github.com/alehatsman/mooncake/internal/executor/executor.go:130.23,132.3 1 1
github.com/alehatsman/mooncake/internal/executor/executor.go:134.2,135.9 2 1
github.com/alehatsman/mooncake/internal/executor/executor.go:135.9,137.3 1 1
github.com/alehatsman/mooncake/internal/executor/executor.go:139.2,139.25 1 1
github.com/alehatsman/mooncake/internal/executor/executor.go:142.68,144.23 1 1
github.com/alehatsman/mooncake/internal/executor/executor.go:144.23,146.3 1 1
github.com/alehatsman/mooncake/internal/executor/executor.go:149.2,149.25 1 1
github.com/alehatsman/mooncake/internal/executor/executor.go:149.25,151.3 1 1
github.com/alehatsman/mooncake/internal/executor/executor.go:154.2,154.36 1 1
github.com/alehatsman/mooncake/internal/executor/executor.go:154.36,155.37 1 1
github.com/alehatsman/mooncake/internal/executor/executor.go:155.37,156.28 1 1
github.com/alehatsman/mooncake/internal/executor/executor.go:156.28,158.5 1 1
github.com/alehatsman/mooncake/internal/executor/executor.go:163.2,163.13 1 1
github.com/alehatsman/mooncake/internal/executor/executor.go:166.66,170.16 3 1
github.com/alehatsman/mooncake/internal/executor/executor.go:170.16,172.3 1 1
github.com/alehatsman/mooncake/internal/executor/executor.go:174.2,176.16 3 1
github.com/alehatsman/mooncake/internal/executor/executor.go:176.16,178.3 1 1
github.com/alehatsman/mooncake/internal/executor/executor.go:181.2,181.26 1 1
github.com/alehatsman/mooncake/internal/executor/executor.go:181.26,182.36 1 1
github.com/alehatsman/mooncake/internal/executor/executor.go:182.36,187.4 3 1
github.com/alehatsman/mooncake/internal/executor/executor.go:189.3,189.36 1 0
github.com/alehatsman/mooncake/internal/executor/executor.go:189.36,191.4 1 0
github.com/alehatsman/mooncake/internal/executor/executor.go:194.2,196.15 2 1
github.com/alehatsman/mooncake/internal/executor/executor.go:196.15,199.3 2 1
github.com/alehatsman/mooncake/internal/executor/executor.go:201.2,208.57 6 1
github.com/alehatsman/mooncake/internal/executor/executor.go:225.88,227.21 1 1
github.com/alehatsman/mooncake/internal/executor/executor.go:227.21,229.17 2 1
github.com/alehatsman/mooncake/internal/executor/executor.go:229.17,231.4 1 0
github.com/alehatsman/mooncake/internal/executor/executor.go:232.3,232.17 1 1
github.com/alehatsman/mooncake/internal/executor/executor.go:232.17,234.4 1 1
github.com/alehatsman/mooncake/internal/executor/executor.go:238.2,238.32 1 1
github.com/alehatsman/mooncake/internal/executor/executor.go:238.32,240.3 1 1
github.com/alehatsman/mooncake/internal/executor/executor.go:242.2,242.23 1 1
github.com/alehatsman/mooncake/internal/executor/executor.go:255.80,257.58 1 1
github.com/alehatsman/mooncake/internal/executor/executor.go:257.58,258.22 1 1
github.com/alehatsman/mooncake/internal/executor/executor.go:258.22,260.4 1 0
github.com/alehatsman/mooncake/internal/executor/executor.go:264.2,264.42 1 1
github.com/alehatsman/mooncake/internal/executor/executor.go:264.42,266.3 1 1
github.com/alehatsman/mooncake/internal/executor/executor.go:269.2,269.21 1 1
github.com/alehatsman/mooncake/internal/executor/executor.go:269.21,271.3 1 1
github.com/alehatsman/mooncake/internal/executor/executor.go:273.2,273.18 1 1
github.com/alehatsman/mooncake/internal/executor/executor.go:289.83,291.18 1 1
github.com/alehatsman/mooncake/internal/executor/executor.go:291.18,293.3 1 1
github.com/alehatsman/mooncake/internal/executor/executor.go:296.2,296.25 1 1
github.com/alehatsman/mooncake/internal/executor/executor.go:296.25,298.3 1 1
github.com/alehatsman/mooncake/internal/executor/executor.go:301.2,302.40 2 1
github.com/alehatsman/mooncake/internal/executor/executor.go:302.40,304.3 1 1
github.com/alehatsman/mooncake/internal/executor/executor.go:306.2,306.13 1 1
github.com/alehatsman/mooncake/internal/executor/executor.go:311.92,313.42 1 1
github.com/alehatsman/mooncake/internal/executor/executor.go:313.42,318.22 3 1
github.com/alehatsman/mooncake/internal/executor/executor.go:318.22,320.47 2 1
github.com/alehatsman/mooncake/internal/executor/executor.go:320.47,322.5 1 1
github.com/alehatsman/mooncake/internal/executor/executor.go:322.10,322.55 1 1
github.com/alehatsman/mooncake/internal/executor/executor.go:322.55,324.5 1 1
github.com/alehatsman/mooncake/internal/executor/executor.go:327.3,334.29 2 1
github.com/alehatsman/mooncake/internal/executor/executor.go:334.29,336.4 1 1
github.com/alehatsman/mooncake/internal/executor/executor.go:337.3,337.9 1 1
github.com/alehatsman/mooncake/internal/executor/executor.go:341.2,342.35 2 1
github.com/alehatsman/mooncake/internal/executor/executor.go:342.35,344.3 1 1
github.com/alehatsman/mooncake/internal/executor/executor.go:346.2,354.16 2 1
github.com/alehatsman/mooncake/internal/executor/executor.go:355.28,356.30 1 1
github.com/alehatsman/mooncake/internal/executor/executor.go:356.30,358.4 1 1
github.com/alehatsman/mooncake/internal/executor/executor.go:359.26,360.28 1 1
github.com/alehatsman/mooncake/internal/executor/executor.go:360.28,362.4 1 1
github.com/alehatsman/mooncake/internal/executor/executor.go:367.71,368.9 1 1
github.com/alehatsman/mooncake/internal/executor/executor.go:369.31,370.37 1 0
github.com/alehatsman/mooncake/internal/executor/executor.go:372.24,373.30 1 1
github.com/alehatsman/mooncake/internal/executor/executor.go:375.28,376.34 1 0
github.com/alehatsman/mooncake/internal/executor/executor.go:378.24,379.30 1 1
github.com/alehatsman/mooncake/internal/executor/executor.go:381.25,382.31 1 1
github.com/alehatsman/mooncake/internal/executor/executor.go:384.27,387.36 2 1
github.com/alehatsman/mooncake/internal/executor/executor.go:387.36,389.4 1 1
github.com/alehatsman/mooncake/internal/executor/executor.go:391.3,398.33 2 1
github.com/alehatsman/mooncake/internal/executor/executor.go:400.10,401.13 1 1
github.com/alehatsman/mooncake/internal/executor/executor.go:406.64,408.40 1 1
github.com/alehatsman/mooncake/internal/executor/executor.go:408.40,410.3 1 1
github.com/alehatsman/mooncake/internal/executor/executor.go:413.2,414.16 2 1
github.com/alehatsman/mooncake/internal/executor/executor.go:414.16,416.3 1 0
github.com/alehatsman/mooncake/internal/executor/executor.go:419.2,422.16 2 1
github.com/alehatsman/mooncake/internal/executor/executor.go:422.16,424.41 1 1
github.com/alehatsman/mooncake/internal/executor/executor.go:424.41,426.4 1 1
github.com/alehatsman/mooncake/internal/executor/executor.go:427.3,427.13 1 1
github.com/alehatsman/mooncake/internal/executor/executor.go:431.2,431.24 1 1
github.com/alehatsman/mooncake/internal/executor/executor.go:431.24,433.3 1 1
github.com/alehatsman/mooncake/internal/executor/executor.go:436.2,436.21 1 1
github.com/alehatsman/mooncake/internal/executor/executor.go:436.21,437.23 1 1
github.com/alehatsman/mooncake/internal/executor/executor.go:437.23,439.4 1 0
github.com/alehatsman/mooncake/internal/executor/executor.go:439.9,439.37 1 1
github.com/alehatsman/mooncake/internal/executor/executor.go:439.37,441.4 1 0
github.com/alehatsman/mooncake/internal/executor/executor.go:445.2,445.35 1 1
github.com/alehatsman/mooncake/internal/executor/executor.go:445.35,447.3 1 1
github.com/alehatsman/mooncake/internal/executor/executor.go:450.2,450.42 1 1
github.com/alehatsman/mooncake/internal/executor/executor.go:450.42,452.3 1 1
github.com/alehatsman/mooncake/internal/executor/executor.go:455.2,458.20 2 1
github.com/alehatsman/mooncake/internal/executor/executor.go:458.20,460.43 2 1
github.com/alehatsman/mooncake/internal/executor/executor.go:460.43,462.4 1 1
github.com/alehatsman/mooncake/internal/executor/executor.go:463.3,463.17 1 1
github.com/alehatsman/mooncake/internal/executor/executor.go:467.2,467.42 1 1
github.com/alehatsman/mooncake/internal/executor/executor.go:467.42,469.3 1 1
github.com/alehatsman/mooncake/internal/executor/executor.go:471.2,471.12 1 1
github.com/alehatsman/mooncake/internal/executor/executor.go:475.68,491.13 10 1
github.com/alehatsman/mooncake/internal/executor/executor.go:491.13,493.3 1 1
github.com/alehatsman/mooncake/internal/executor/executor.go:496.2,497.31 2 1
github.com/alehatsman/mooncake/internal/executor/executor.go:498.21,499.11 1 1
github.com/alehatsman/mooncake/internal/executor/executor.go:500.16,502.23 2 0
github.com/alehatsman/mooncake/internal/executor/executor.go:502.23,504.4 1 0
github.com/alehatsman/mooncake/internal/executor/executor.go:505.10,506.69 1 1
github.com/alehatsman/mooncake/internal/executor/executor.go:509.2,511.40 2 1
github.com/alehatsman/mooncake/internal/executor/executor.go:515.71,523.16 5 1
github.com/alehatsman/mooncake/internal/executor/executor.go:523.16,525.3 1 0
github.com/alehatsman/mooncake/internal/executor/executor.go:527.2,528.16 2 1
github.com/alehatsman/mooncake/internal/executor/executor.go:528.16,530.3 1 1
github.com/alehatsman/mooncake/internal/executor/executor.go:532.2,536.32 3 0
github.com/alehatsman/mooncake/internal/executor/executor.go:536.32,538.3 1 0
github.com/alehatsman/mooncake/internal/executor/executor.go:540.2,540.41 1 0
github.com/alehatsman/mooncake/internal/executor/executor.go:544.68,550.29 3 1
github.com/alehatsman/mooncake/internal/executor/executor.go:550.29,553.31 2 1
github.com/alehatsman/mooncake/internal/executor/executor.go:553.31,554.55 1 1
github.com/alehatsman/mooncake/internal/executor/executor.go:554.55,556.5 1 1
github.com/alehatsman/mooncake/internal/executor/executor.go:557.4,557.12 1 0
github.com/alehatsman/mooncake/internal/executor/executor.go:560.3,560.28 1 1
github.com/alehatsman/mooncake/internal/executor/executor.go:560.28,561.52 1 1
github.com/alehatsman/mooncake/internal/executor/executor.go:561.52,563.5 1 0
github.com/alehatsman/mooncake/internal/executor/executor.go:564.4,564.12 1 1
github.com/alehatsman/mooncake/internal/executor/executor.go:567.3,567.47 1 1
github.com/alehatsman/mooncake/internal/executor/executor.go:567.47,569.4 1 1
github.com/alehatsman/mooncake/internal/executor/executor.go:571.2,571.12 1 1
github.com/alehatsman/mooncake/internal/executor/executor.go:584.62,592.38 4 1
github.com/alehatsman/mooncake/internal/executor/executor.go:592.38,594.3 1 1
github.com/alehatsman/mooncake/internal/executor/executor.go:597.2,603.16 6 1
github.com/alehatsman/mooncake/internal/executor/executor.go:603.16,605.3 1 0
github.com/alehatsman/mooncake/internal/executor/executor.go:607.2,608.16 2 1
github.com/alehatsman/mooncake/internal/executor/executor.go:608.16,610.3 1 0
github.com/alehatsman/mooncake/internal/executor/executor.go:612.2,614.16 3 1
github.com/alehatsman/mooncake/internal/executor/executor.go:614.16,616.3 1 1
github.com/alehatsman/mooncake/internal/executor/executor.go:617.2,622.16 4 1
github.com/alehatsman/mooncake/internal/executor/executor.go:622.16,624.3 1 0
github.com/alehatsman/mooncake/internal/executor/executor.go:626.2,628.16 3 1
github.com/alehatsman/mooncake/internal/executor/executor.go:628.16,630.3 1 1
github.com/alehatsman/mooncake/internal/executor/executor.go:633.2,633.26 1 1
github.com/alehatsman/mooncake/internal/executor/executor.go:633.26,634.36 1 1
github.com/alehatsman/mooncake/internal/executor/executor.go:634.36,639.4 3 1
github.com/alehatsman/mooncake/internal/executor/executor.go:641.3,641.36 1 0
github.com/alehatsman/mooncake/internal/executor/executor.go:641.36,643.4 1 0
github.com/alehatsman/mooncake/internal/executor/executor.go:646.2,694.16 10 1
github.com/alehatsman/mooncake/internal/executor/file_step.go:13.73,14.19 1 1
github.com/alehatsman/mooncake/internal/executor/file_step.go:14.19,16.3 1 1
github.com/alehatsman/mooncake/internal/executor/file_step.go:19.2,20.16 2 1
github.com/alehatsman/mooncake/internal/executor/file_step.go:20.16,22.3 1 1
github.com/alehatsman/mooncake/internal/executor/file_step.go:24.2,24.26 1 1
github.com/alehatsman/mooncake/internal/executor/file_step.go:28.129,31.15 2 1
github.com/alehatsman/mooncake/internal/executor/file_step.go:31.15,36.3 4 1
github.com/alehatsman/mooncake/internal/executor/file_step.go:39.2,39.57 1 1
github.com/alehatsman/mooncake/internal/executor/file_step.go:39.57,41.3 1 1
github.com/alehatsman/mooncake/internal/executor/file_step.go:43.2,44.56 2 1
github.com/alehatsman/mooncake/internal/executor/file_step.go:44.56,47.3 2 1
github.com/alehatsman/mooncake/internal/executor/file_step.go:49.2,49.12 1 1
github.com/alehatsman/mooncake/internal/executor/file_step.go:53.124,57.24 2 1
github.com/alehatsman/mooncake/internal/executor/file_step.go:57.24,58.16 1 1
github.com/alehatsman/mooncake/internal/executor/file_step.go:58.16,63.4 4 1
github.com/alehatsman/mooncake/internal/executor/file_step.go:66.3,66.58 1 1
github.com/alehatsman/mooncake/internal/executor/file_step.go:66.58,68.4 1 1
github.com/alehatsman/mooncake/internal/executor/file_step.go:70.3,71.70 2 1
github.com/alehatsman/mooncake/internal/executor/file_step.go:71.70,74.4 2 1
github.com/alehatsman/mooncake/internal/executor/file_step.go:76.3,76.13 1 1
github.com/alehatsman/mooncake/internal/executor/file_step.go:80.2,81.16 2 1
github.com/alehatsman/mooncake/internal/executor/file_step.go:81.16,83.3 1 1
github.com/alehatsman/mooncake/internal/executor/file_step.go:85.2,85.15 1 1
github.com/alehatsman/mooncake/internal/executor/file_step.go:85.15,91.3 5 1
github.com/alehatsman/mooncake/internal/executor/file_step.go:95.2,96.62 2 1
github.com/alehatsman/mooncake/internal/executor/file_step.go:96.62,98.3 1 1
github.com/alehatsman/mooncake/internal/executor/file_step.go:100.2,101.82 2 1
github.com/alehatsman/mooncake/internal/executor/file_step.go:101.82,104.3 2 1
github.com/alehatsman/mooncake/internal/executor/file_step.go:106.2,106.12 1 1
github.com/alehatsman/mooncake/internal/executor/file_step.go:110.63,113.21 2 1
github.com/alehatsman/mooncake/internal/executor/file_step.go:113.21,116.3 2 1
github.com/alehatsman/mooncake/internal/executor/file_step.go:118.2,119.16 2 1
github.com/alehatsman/mooncake/internal/executor/file_step.go:119.16,121.3 1 1
github.com/alehatsman/mooncake/internal/executor/file_step.go:124.2,128.20 3 1
github.com/alehatsman/mooncake/internal/executor/file_step.go:129.19,130.84 1 1
github.com/alehatsman/mooncake/internal/executor/file_step.go:130.84,132.4 1 0
github.com/alehatsman/mooncake/internal/executor/file_step.go:133.14,134.79 1 1
github.com/alehatsman/mooncake/internal/executor/file_step.go:134.79,136.4 1 0
github.com/alehatsman/mooncake/internal/executor/file_step.go:140.2,140.25 1 1
github.com/alehatsman/mooncake/internal/executor/file_step.go:140.25,143.3 2 1
github.com/alehatsman/mooncake/internal/executor/file_step.go:145.2,145.12 1 1
github.com/alehatsman/mooncake/internal/executor/include_vars_step.go:8.70,12.16 3 1
github.com/alehatsman/mooncake/internal/executor/include_vars_step.go:12.16,14.3 1 0
github.com/alehatsman/mooncake/internal/executor/include_vars_step.go:16.2,17.16 2 1
github.com/alehatsman/mooncake/internal/executor/include_vars_step.go:17.16,19.3 1 1
github.com/alehatsman/mooncake/internal/executor/include_vars_step.go:21.2,21.15 1 1
github.com/alehatsman/mooncake/internal/executor/include_vars_step.go:21.15,25.3 2 1
github.com/alehatsman/mooncake/internal/executor/include_vars_step.go:27.2,29.12 2 1
github.com/alehatsman/mooncake/internal/executor/result.go:59.26,68.2 1 1
github.com/alehatsman/mooncake/internal/executor/result.go:71.49,80.2 1 1
github.com/alehatsman/mooncake/internal/executor/result.go:84.76,86.2 1 1
github.com/alehatsman/mooncake/internal/executor/shell_step.go:17.64,24.16 5 1
github.com/alehatsman/mooncake/internal/executor/shell_step.go:24.16,26.3 1 1
github.com/alehatsman/mooncake/internal/executor/shell_step.go:29.2,29.15 1 1
github.com/alehatsman/mooncake/internal/executor/shell_step.go:29.15,34.3 4 1
github.com/alehatsman/mooncake/internal/executor/shell_step.go:36.2,40.17 3 1
github.com/alehatsman/mooncake/internal/executor/shell_step.go:40.17,41.24 1 1
github.com/alehatsman/mooncake/internal/executor/shell_step.go:41.24,43.4 1 1
github.com/alehatsman/mooncake/internal/executor/shell_step.go:47.3,48.62 2 0
github.com/alehatsman/mooncake/internal/executor/shell_step.go:49.8,54.3 1 1
github.com/alehatsman/mooncake/internal/executor/shell_step.go:56.2,57.16 2 1
github.com/alehatsman/mooncake/internal/executor/shell_step.go:57.16,59.3 1 0
github.com/alehatsman/mooncake/internal/executor/shell_step.go:61.2,62.16 2 1
github.com/alehatsman/mooncake/internal/executor/shell_step.go:62.16,64.3 1 0
github.com/alehatsman/mooncake/internal/executor/shell_step.go:66.2,66.39 1 1
github.com/alehatsman/mooncake/internal/executor/shell_step.go:66.39,68.3 1 0
github.com/alehatsman/mooncake/internal/executor/shell_step.go:71.2,87.16 12 1
github.com/alehatsman/mooncake/internal/executor/shell_step.go:87.16,89.47 1 1
github.com/alehatsman/mooncake/internal/executor/shell_step.go:89.47,91.4 1 1
github.com/alehatsman/mooncake/internal/executor/shell_step.go:91.9,93.4 1 0
github.com/alehatsman/mooncake/internal/executor/shell_step.go:94.3,97.26 2 1
github.com/alehatsman/mooncake/internal/executor/shell_step.go:97.26,100.4 2 1
github.com/alehatsman/mooncake/internal/executor/shell_step.go:103.3,103.26 1 1
github.com/alehatsman/mooncake/internal/executor/shell_step.go:103.26,105.4 1 0
github.com/alehatsman/mooncake/internal/executor/shell_step.go:106.3,106.26 1 1
github.com/alehatsman/mooncake/internal/executor/shell_step.go:106.26,108.4 1 0
github.com/alehatsman/mooncake/internal/executor/shell_step.go:109.3,109.57 1 1
github.com/alehatsman/mooncake/internal/executor/shell_step.go:112.2,116.25 3 1
github.com/alehatsman/mooncake/internal/executor/shell_step.go:116.25,120.3 2 1
github.com/alehatsman/mooncake/internal/executor/shell_step.go:122.2,122.12 1 1
github.com/alehatsman/mooncake/internal/executor/shell_step.go:125.102,128.21 3 1
github.com/alehatsman/mooncake/internal/executor/shell_step.go:128.21,134.3 3 1
github.com/alehatsman/mooncake/internal/executor/template_step.go:12.67,16.16 3 1
github.com/alehatsman/mooncake/internal/executor/template_step.go:16.16,18.3 1 1
github.com/alehatsman/mooncake/internal/executor/template_step.go:20.2,21.16 2 1
github.com/alehatsman/mooncake/internal/executor/template_step.go:21.16,23.3 1 0
github.com/alehatsman/mooncake/internal/executor/template_step.go:26.2,33.15 4 1
github.com/alehatsman/mooncake/internal/executor/template_step.go:33.15,35.48 1 1
github.com/alehatsman/mooncake/internal/executor/template_step.go:35.48,38.4 2 1
github.com/alehatsman/mooncake/internal/executor/template_step.go:39.3,42.54 4 1
github.com/alehatsman/mooncake/internal/executor/template_step.go:42.54,44.4 1 0
github.com/alehatsman/mooncake/internal/executor/template_step.go:45.3,46.13 2 1
github.com/alehatsman/mooncake/internal/executor/template_step.go:50.2,51.16 2 1
github.com/alehatsman/mooncake/internal/executor/template_step.go:51.16,54.3 2 1
github.com/alehatsman/mooncake/internal/executor/template_step.go:55.2,55.15 1 1
github.com/alehatsman/mooncake/internal/executor/template_step.go:55.15,56.45 1 1
github.com/alehatsman/mooncake/internal/executor/template_step.go:56.45,58.4 1 0
github.com/alehatsman/mooncake/internal/executor/template_step.go:61.2,62.16 2 1
github.com/alehatsman/mooncake/internal/executor/template_step.go:62.16,65.3 2 0
github.com/alehatsman/mooncake/internal/executor/template_step.go:67.2,68.26 2 1
github.com/alehatsman/mooncake/internal/executor/template_step.go:68.26,70.3 1 1
github.com/alehatsman/mooncake/internal/executor/template_step.go:72.2,73.16 2 1
github.com/alehatsman/mooncake/internal/executor/template_step.go:73.16,76.3 2 1
github.com/alehatsman/mooncake/internal/executor/template_step.go:80.2,81.53 2 1
github.com/alehatsman/mooncake/internal/executor/template_step.go:81.53,83.3 1 1
github.com/alehatsman/mooncake/internal/executor/template_step.go:85.2,86.65 2 1
github.com/alehatsman/mooncake/internal/executor/template_step.go:86.65,89.3 2 0
github.com/alehatsman/mooncake/internal/executor/template_step.go:92.2,92.25 1 1
github.com/alehatsman/mooncake/internal/executor/template_step.go:92.25,95.3 2 1
github.com/alehatsman/mooncake/internal/executor/template_step.go:97.2,97.12 1 1
